0 info it worked if it ends with ok
1 verbose cli [ '/usr/local/bin/node',
1 verbose cli   '/usr/local/lib/node_modules/tnpm/node_modules/npm/bin/npm-cli.js',
1 verbose cli   '--cache=/Users/lizn/.tnpm',
1 verbose cli   '--tmp=/Users/lizn/.tnpm_tmp',
1 verbose cli   '--progress=false',
1 verbose cli   '--no-proxy',
1 verbose cli   '--disturl=https://tnpm-hz.oss-cn-hangzhou.aliyuncs.com/dist/node',
1 verbose cli   '--userconfig=/Users/lizn/.tnpmrc',
1 verbose cli   '--registry=http://registry.npm.alibaba-inc.com',
1 verbose cli   'run',
1 verbose cli   'lint' ]
2 info using npm@3.10.9
3 info using node@v4.4.5
4 verbose run-script [ 'prelint', 'lint', 'postlint' ]
5 info lifecycle redux-retrieval@0.1.0~prelint: redux-retrieval@0.1.0
6 silly lifecycle redux-retrieval@0.1.0~prelint: no script for prelint, continuing
7 info lifecycle redux-retrieval@0.1.0~lint: redux-retrieval@0.1.0
8 verbose lifecycle redux-retrieval@0.1.0~lint: unsafe-perm in lifecycle true
9 verbose lifecycle redux-retrieval@0.1.0~lint: PATH: /usr/local/lib/node_modules/tnpm/node_modules/npm/bin/node-gyp-bin:/Users/lizn/github/redux-retrieval/node_modules/.bin:/usr/local/bin:/usr/bin:/bin:/usr/sbin:/sbin
10 verbose lifecycle redux-retrieval@0.1.0~lint: CWD: /Users/lizn/github/redux-retrieval
11 silly lifecycle redux-retrieval@0.1.0~lint: Args: [ '-c', 'eslint --fix ./ --ext .jsx --ext .js' ]
12 silly lifecycle redux-retrieval@0.1.0~lint: Returned: code: 1  signal: null
13 info lifecycle redux-retrieval@0.1.0~lint: Failed to exec lint script
14 verbose stack Error: redux-retrieval@0.1.0 lint: `eslint --fix ./ --ext .jsx --ext .js`
14 verbose stack Exit status 1
14 verbose stack     at EventEmitter.<anonymous> (/usr/local/lib/node_modules/tnpm/node_modules/npm/lib/utils/lifecycle.js:255:16)
14 verbose stack     at emitTwo (events.js:87:13)
14 verbose stack     at EventEmitter.emit (events.js:172:7)
14 verbose stack     at ChildProcess.<anonymous> (/usr/local/lib/node_modules/tnpm/node_modules/npm/lib/utils/spawn.js:40:14)
14 verbose stack     at emitTwo (events.js:87:13)
14 verbose stack     at ChildProcess.emit (events.js:172:7)
14 verbose stack     at maybeClose (internal/child_process.js:827:16)
14 verbose stack     at Process.ChildProcess._handle.onexit (internal/child_process.js:211:5)
15 verbose pkgid redux-retrieval@0.1.0
16 verbose cwd /Users/lizn/github/redux-retrieval
17 error Darwin 15.5.0
18 error argv "/usr/local/bin/node" "/usr/local/lib/node_modules/tnpm/node_modules/npm/bin/npm-cli.js" "--cache=/Users/lizn/.tnpm" "--tmp=/Users/lizn/.tnpm_tmp" "--progress=false" "--no-proxy" "--disturl=https://tnpm-hz.oss-cn-hangzhou.aliyuncs.com/dist/node" "--userconfig=/Users/lizn/.tnpmrc" "--registry=http://registry.npm.alibaba-inc.com" "run" "lint"
19 error node v4.4.5
20 error npm  v3.10.9
21 error code ELIFECYCLE
22 error redux-retrieval@0.1.0 lint: `eslint --fix ./ --ext .jsx --ext .js`
22 error Exit status 1
23 error Failed at the redux-retrieval@0.1.0 lint script 'eslint --fix ./ --ext .jsx --ext .js'.
23 error Make sure you have the latest version of node.js and npm installed.
23 error If you do, this is most likely a problem with the redux-retrieval package,
23 error not with npm itself.
23 error Tell the author that this fails on your system:
23 error     eslint --fix ./ --ext .jsx --ext .js
23 error You can get information on how to open an issue for this project with:
23 error     npm bugs redux-retrieval
23 error Or if that isn't available, you can get their info via:
23 error     npm owner ls redux-retrieval
23 error There is likely additional logging output above.
24 verbose exit [ 1, true ]
